<?xml version="1.0" encoding="UTF-8"?>
<testng-results ignored="0" total="1" passed="1" failed="0" skipped="0">
  <reporter-output>
  </reporter-output>
  <suite started-at="2024-11-18T12:18:46 IST" name="Default suite" finished-at="2024-11-18T12:19:10 IST" duration-ms="24021">
    <groups>
    </groups>
    <test started-at="2024-11-18T12:18:46 IST" name="Default test" finished-at="2024-11-18T12:19:10 IST" duration-ms="24021">
      <class name="WebApplication.Webtest">
        <test-method is-config="true" signature="launch()[pri:0, instance:WebApplication.Webtest@6b2ea799]" started-at="2024-11-18T12:18:47 IST" name="launch" finished-at="2024-11-18T12:18:51 IST" duration-ms="4038" status="PASS">
          <reporter-output>
          </reporter-output>
        </test-method> <!-- launch -->
        <test-method signature="Web()[pri:0, instance:WebApplication.Webtest@6b2ea799]" started-at="2024-11-18T12:18:51 IST" name="Web" finished-at="2024-11-18T12:19:10 IST" duration-ms="19920" status="PASS">
          <reporter-output>
          </reporter-output>
        </test-method> <!-- Web -->
      </class> <!-- WebApplication.Webtest -->
    </test> <!-- Default test -->
  </suite> <!-- Default suite -->
</testng-results>
